<?xml version="1.0" encoding="UTF-8"?>
<Site BuildName="Linux-g++"
	BuildStamp="20230701-0355-Experimental"
	Name="zulfi-manjaro"
	Generator="ctest-3.26.4"
	CompilerName="/usr/bin/g++"
	CompilerVersion="13.1.1"
	OSName="Linux"
	Hostname="zulfi-manjaro"
	OSRelease="6.1.31-2-MANJARO"
	OSVersion="#1 SMP PREEMPT_DYNAMIC Sun Jun  4 12:31:46 UTC 2023"
	OSPlatform="x86_64"
	Is64Bits="1"
	VendorString="GenuineIntel"
	VendorID="Intel Corporation"
	FamilyID="6"
	ModelID="142"
	ProcessorCacheSize="3072"
	NumberOfLogicalCPU="4"
	NumberOfPhysicalCPU="2"
	TotalVirtualMemory="20499"
	TotalPhysicalMemory="19874"
	LogicalProcessorsPerPhysical="2"
	ProcessorClockFrequency="3100"
	>
	<Testing>
		<StartDateTime>Jul 01 10:55 WIB</StartDateTime>
		<StartTestTime>1688183714</StartTestTime>
		<TestList/>
		<EndDateTime>Jul 01 10:55 WIB</EndDateTime>
		<EndTestTime>1688183714</EndTestTime>
		<ElapsedMinutes>0</ElapsedMinutes>
	</Testing>
</Site>
