<?xml version="1.0" encoding="UTF-8"?>
<Site BuildName="Linux-g++"
	BuildStamp="20230705-0138-Experimental"
	Name="zfi-ubuntu"
	Generator="ctest-3.26.4"
	CompilerName="/usr/bin/g++"
	CompilerVersion="11.3.0"
	OSName="Linux"
	Hostname="zfi-ubuntu"
	OSRelease="5.19.0-46-generic"
	OSVersion="#47~22.04.1-Ubuntu SMP PREEMPT_DYNAMIC Wed Jun 21 15:35:31 UTC 2"
	OSPlatform="x86_64"
	Is64Bits="1"
	VendorString="GenuineIntel"
	VendorID="Intel Corporation"
	FamilyID="6"
	ModelID="58"
	ProcessorCacheSize="8192"
	NumberOfLogicalCPU="8"
	NumberOfPhysicalCPU="4"
	TotalVirtualMemory="7222"
	TotalPhysicalMemory="15877"
	LogicalProcessorsPerPhysical="2"
	ProcessorClockFrequency="3802.2"
	>
	<Testing>
		<StartDateTime>Jul 05 08:38 WIB</StartDateTime>
		<StartTestTime>1688521126</StartTestTime>
		<TestList/>
		<EndDateTime>Jul 05 08:38 WIB</EndDateTime>
		<EndTestTime>1688521126</EndTestTime>
		<ElapsedMinutes>0</ElapsedMinutes>
	</Testing>
</Site>
